{
  "RSpec": {
    "coverage": {
      "/Users/user/workspace/study/rspec_study/spec/convert_hash_syntax_spec.rb": {
        "lines": [
          1,
          1,
          null,
          1,
          1,
          1,
          null,
          null,
          null,
          null,
          null,
          null,
          null,
          1,
          1,
          null,
          null,
          null,
          null,
          null,
          null,
          null,
          null,
          1,
          1,
          null,
          null
        ]
      },
      "/Users/user/workspace/study/rspec_study/lib/convert_hash_syntax.rb": {
        "lines": [
          1,
          1,
          null
        ]
      },
      "/Users/user/workspace/study/rspec_study/spec/convert_length_spec.rb": {
        "lines": [
          1,
          1,
          null,
          1,
          1,
          1,
          null,
          1,
          1,
          null,
          1,
          1,
          null,
          null
        ]
      },
      "/Users/user/workspace/study/rspec_study/lib/convert_length.rb": {
        "lines": [
          1,
          null,
          1,
          3,
          null
        ]
      },
      "/Users/user/workspace/study/rspec_study/spec/deep_freezable_spec.rb": {
        "lines": [
          1,
          1,
          1,
          null,
          1,
          1,
          1,
          1,
          null,
          null,
          1,
          1,
          null,
          null,
          1,
          4,
          null,
          null,
          null,
          1,
          1,
          1,
          null,
          null,
          null,
          null,
          null,
          null,
          1,
          1,
          null,
          null,
          1,
          1,
          3,
          null,
          null,
          null,
          null
        ]
      },
      "/Users/user/workspace/study/rspec_study/lib/bank.rb": {
        "lines": [
          1,
          null,
          1,
          1,
          null,
          1,
          null
        ]
      },
      "/Users/user/workspace/study/rspec_study/lib/deep_freezable.rb": {
        "lines": [
          1,
          1,
          2,
          null,
          1,
          3,
          null,
          null,
          1,
          3,
          3,
          null,
          null,
          2,
          null,
          null
        ]
      },
      "/Users/user/workspace/study/rspec_study/lib/team.rb": {
        "lines": [
          1,
          null,
          1,
          1,
          null,
          1,
          null
        ]
      },
      "/Users/user/workspace/study/rspec_study/spec/effects_spec.rb": {
        "lines": [
          1,
          1,
          null,
          1,
          1,
          1,
          1,
          1,
          null,
          null,
          null,
          1,
          1,
          1,
          1,
          null,
          null,
          1,
          1,
          1,
          null,
          null,
          null,
          1,
          1,
          1,
          1,
          null,
          null,
          1,
          1,
          1,
          null,
          null,
          null
        ]
      },
      "/Users/user/workspace/study/rspec_study/lib/effects.rb": {
        "lines": [
          1,
          1,
          3,
          3,
          null,
          null,
          null,
          1,
          3,
          39,
          null,
          null,
          null,
          1,
          3,
          12,
          null,
          null,
          null
        ]
      },
      "/Users/user/workspace/study/rspec_study/spec/fizz_buzz_spec.rb": {
        "lines": [
          1,
          1,
          null,
          1,
          1,
          1,
          null,
          1,
          1,
          null,
          1,
          1,
          null,
          1,
          1,
          null,
          1,
          1,
          null,
          1,
          1,
          null,
          1,
          1,
          null,
          null
        ]
      },
      "/Users/user/workspace/study/rspec_study/lib/fizz_buzz.rb": {
        "lines": [
          1,
          7,
          1,
          6,
          2,
          4,
          1,
          null,
          3,
          null,
          null
        ]
      },
      "/Users/user/workspace/study/rspec_study/spec/gate_spec.rb": {
        "lines": [
          1,
          1,
          1,
          null,
          1,
          4,
          3,
          4,
          null,
          1,
          1,
          1,
          1,
          null,
          1,
          null,
          null,
          1,
          1,
          1,
          null,
          1,
          null,
          null,
          1,
          1,
          1,
          null,
          1,
          null,
          null,
          null,
          1,
          1,
          1,
          1,
          null,
          1,
          null,
          null,
          null
        ]
      },
      "/Users/user/workspace/study/rspec_study/lib/gate.rb": {
        "lines": [
          1,
          1,
          1,
          null,
          1,
          8,
          null,
          null,
          1,
          4,
          null,
          null,
          1,
          4,
          4,
          null,
          null,
          1,
          4,
          4,
          4,
          4,
          null,
          null
        ]
      },
      "/Users/user/workspace/study/rspec_study/lib/ticket.rb": {
        "lines": [
          1,
          1,
          null,
          1,
          4,
          null,
          null,
          1,
          4,
          null,
          null
        ]
      },
      "/Users/user/workspace/study/rspec_study/spec/hello_spec.rb": {
        "lines": [
          1,
          1,
          null,
          1,
          1,
          1,
          null,
          null
        ]
      },
      "/Users/user/workspace/study/rspec_study/lib/hello.rb": {
        "lines": [
          1,
          1,
          1,
          null,
          null
        ]
      },
      "/Users/user/workspace/study/rspec_study/spec/rgb_spec.rb": {
        "lines": [
          1,
          1,
          null,
          1,
          1,
          1,
          1,
          null,
          1,
          1,
          null,
          1,
          1,
          null,
          null,
          1,
          1,
          1,
          null,
          1,
          1,
          null,
          1,
          1,
          null,
          null,
          null
        ]
      },
      "/Users/user/workspace/study/rspec_study/lib/rgb.rb": {
        "lines": [
          1,
          3,
          9,
          null,
          null,
          null,
          1,
          3,
          null
        ]
      },
      "/Users/user/workspace/study/rspec_study/spec/word_synth_spec.rb": {
        "lines": [
          1,
          1,
          1,
          null,
          1,
          1,
          1,
          1,
          1,
          null,
          null,
          null,
          1,
          1,
          1,
          1,
          1,
          null,
          null,
          null,
          1,
          1,
          1,
          1,
          1,
          1,
          1,
          null,
          null,
          null
        ]
      },
      "/Users/user/workspace/study/rspec_study/lib/word_synth.rb": {
        "lines": [
          1,
          1,
          3,
          null,
          null,
          1,
          4,
          null,
          null,
          1,
          3,
          4,
          null,
          null,
          null
        ]
      }
    },
    "timestamp": 1718023233
  }
}
